<?xml version="1.0" encoding="UTF-8"?>
<testng-results skipped="0" failed="0" ignored="0" total="1" passed="1">
  <reporter-output>
  </reporter-output>
  <suite name="Default suite" duration-ms="3733" started-at="2018-11-13T14:30:40Z" finished-at="2018-11-13T14:30:44Z">
    <groups>
    </groups>
    <test name="Default test" duration-ms="3733" started-at="2018-11-13T14:30:40Z" finished-at="2018-11-13T14:30:44Z">
      <class name="com.qa.tests.PostAPITest">
        <test-method status="PASS" signature="setup()[pri:0, instance:com.qa.tests.PostAPITest@c038203]" name="setup" is-config="true" duration-ms="36" started-at="2018-11-13T14:30:40Z" finished-at="2018-11-13T14:30:40Z">
          <reporter-output>
          </reporter-output>
        </test-method> <!-- setup -->
        <test-method status="PASS" signature="postAPITest()[pri:0, instance:com.qa.tests.PostAPITest@c038203]" name="postAPITest" duration-ms="3613" started-at="2018-11-13T14:30:40Z" finished-at="2018-11-13T14:30:44Z">
          <reporter-output>
          </reporter-output>
        </test-method> <!-- postAPITest -->
      </class> <!-- com.qa.tests.PostAPITest -->
    </test> <!-- Default test -->
  </suite> <!-- Default suite -->
</testng-results>
